<?xml version="1.0" encoding="UTF-8"?>
<testng-results ignored="0" total="5" passed="5" failed="0" skipped="0">
  <reporter-output>
  </reporter-output>
  <suite started-at="2021-12-23T16:07:15 IST" name="testng.TestRunner" finished-at="2021-12-23T16:07:21 IST" duration-ms="5876">
    <groups>
      <group name="cucumber">
        <method signature="AbstractTestNGCucumberTests.runScenario(io.cucumber.testng.PickleWrapper,io.cucumber.testng.FeatureWrapper)[pri:0, instance:testng.TestRunner@48f2bd5b]" name="runScenario" class="io.cucumber.testng.AbstractTestNGCucumberTests"/>
      </group> <!-- cucumber -->
    </groups>
    <test started-at="2021-12-23T16:07:15 IST" name="Command line test" finished-at="2021-12-23T16:07:21 IST" duration-ms="5876">
      <class name="testng.TestRunner">
        <test-method is-config="true" signature="setUpClass(org.testng.ITestContext)[pri:0, instance:testng.TestRunner@48f2bd5b]" started-at="2021-12-23T16:07:15 IST" name="setUpClass" finished-at="2021-12-23T16:07:15 IST" duration-ms="322" status="PASS">
          <params>
            <param index="0">
              <value>
                <![CDATA[org.testng.TestRunner@37fdfb05]]>
              </value>
            </param>
          </params>
          <reporter-output>
          </reporter-output>
        </test-method> <!-- setUpClass -->
        <test-method signature="runScenario(io.cucumber.testng.PickleWrapper,io.cucumber.testng.FeatureWrapper)[pri:0, instance:testng.TestRunner@48f2bd5b]" started-at="2021-12-23T16:07:15 IST" name="runScenario" description="Runs Cucumber Scenarios" data-provider="scenarios" finished-at="2021-12-23T16:07:19 IST" duration-ms="3909" status="PASS">
          <params>
            <param index="0">
              <value>
                <![CDATA["User opens Home Page"]]>
              </value>
            </param>
            <param index="1">
              <value>
                <![CDATA["Optional[FlyAway Ticket Booking]"]]>
              </value>
            </param>
          </params>
          <reporter-output>
          </reporter-output>
        </test-method> <!-- runScenario -->
        <test-method signature="runScenario(io.cucumber.testng.PickleWrapper,io.cucumber.testng.FeatureWrapper)[pri:0, instance:testng.TestRunner@48f2bd5b]" started-at="2021-12-23T16:07:19 IST" name="runScenario" description="Runs Cucumber Scenarios" data-provider="scenarios" finished-at="2021-12-23T16:07:20 IST" duration-ms="722" status="PASS">
          <params>
            <param index="0">
              <value>
                <![CDATA["User Registration"]]>
              </value>
            </param>
            <param index="1">
              <value>
                <![CDATA["Optional[FlyAway Ticket Booking]"]]>
              </value>
            </param>
          </params>
          <reporter-output>
          </reporter-output>
        </test-method> <!-- runScenario -->
        <test-method signature="runScenario(io.cucumber.testng.PickleWrapper,io.cucumber.testng.FeatureWrapper)[pri:0, instance:testng.TestRunner@48f2bd5b]" started-at="2021-12-23T16:07:20 IST" name="runScenario" description="Runs Cucumber Scenarios" data-provider="scenarios" finished-at="2021-12-23T16:07:20 IST" duration-ms="244" status="PASS">
          <params>
            <param index="0">
              <value>
                <![CDATA["Login Page"]]>
              </value>
            </param>
            <param index="1">
              <value>
                <![CDATA["Optional[FlyAway Ticket Booking]"]]>
              </value>
            </param>
          </params>
          <reporter-output>
          </reporter-output>
        </test-method> <!-- runScenario -->
        <test-method signature="runScenario(io.cucumber.testng.PickleWrapper,io.cucumber.testng.FeatureWrapper)[pri:0, instance:testng.TestRunner@48f2bd5b]" started-at="2021-12-23T16:07:20 IST" name="runScenario" description="Runs Cucumber Scenarios" data-provider="scenarios" finished-at="2021-12-23T16:07:21 IST" duration-ms="352" status="PASS">
          <params>
            <param index="0">
              <value>
                <![CDATA["Flight Ticket Booking"]]>
              </value>
            </param>
            <param index="1">
              <value>
                <![CDATA["Optional[FlyAway Ticket Booking]"]]>
              </value>
            </param>
          </params>
          <reporter-output>
          </reporter-output>
        </test-method> <!-- runScenario -->
        <test-method signature="runScenario(io.cucumber.testng.PickleWrapper,io.cucumber.testng.FeatureWrapper)[pri:0, instance:testng.TestRunner@48f2bd5b]" started-at="2021-12-23T16:07:21 IST" name="runScenario" description="Runs Cucumber Scenarios" data-provider="scenarios" finished-at="2021-12-23T16:07:21 IST" duration-ms="271" status="PASS">
          <params>
            <param index="0">
              <value>
                <![CDATA["View Booking Status"]]>
              </value>
            </param>
            <param index="1">
              <value>
                <![CDATA["Optional[FlyAway Ticket Booking]"]]>
              </value>
            </param>
          </params>
          <reporter-output>
          </reporter-output>
        </test-method> <!-- runScenario -->
        <test-method is-config="true" signature="tearDownClass()[pri:0, instance:testng.TestRunner@48f2bd5b]" started-at="2021-12-23T16:07:21 IST" name="tearDownClass" finished-at="2021-12-23T16:07:21 IST" duration-ms="9" status="PASS">
          <reporter-output>
          </reporter-output>
        </test-method> <!-- tearDownClass -->
      </class> <!-- testng.TestRunner -->
    </test> <!-- Command line test -->
  </suite> <!-- testng.TestRunner -->
</testng-results>
