<?xml version="1.0" encoding="UTF-8" ?>
<testsuite tests="5" failures="0" name="testng.TestRunner" time="5.499" errors="0" skipped="0">
  <properties>
[...]
</properties>
  <testcase classname="testng.TestRunner" name="runScenario" time="3.911"/>
  <testcase classname="testng.TestRunner" name="runScenario" time="0.721"/>
  <testcase classname="testng.TestRunner" name="runScenario" time="0.244"/>
  <testcase classname="testng.TestRunner" name="runScenario" time="0.352"/>
  <testcase classname="testng.TestRunner" name="runScenario" time="0.271"/>
</testsuite>