<?xml version="1.0" encoding="UTF-8"?>
<testng-results ignored="0" total="5" passed="5" failed="0" skipped="0">
  <reporter-output>
  </reporter-output>
  <suite started-at="2021-12-23T15:31:08 IST" name="Default suite" finished-at="2021-12-23T15:31:12 IST" duration-ms="4283">
    <groups>
      <group name="cucumber">
        <method signature="AbstractTestNGCucumberTests.runScenario(io.cucumber.testng.PickleWrapper,io.cucumber.testng.FeatureWrapper)[pri:0, instance:testng.TestRunner@3daa422a]" name="runScenario" class="io.cucumber.testng.AbstractTestNGCucumberTests"/>
      </group> <!-- cucumber -->
    </groups>
    <test started-at="2021-12-23T15:31:08 IST" name="Default test" finished-at="2021-12-23T15:31:12 IST" duration-ms="4283">
      <class name="testng.TestRunner">
        <test-method is-config="true" signature="setUpClass(org.testng.ITestContext)[pri:0, instance:testng.TestRunner@3daa422a]" started-at="2021-12-23T15:31:08 IST" name="setUpClass" finished-at="2021-12-23T15:31:08 IST" duration-ms="288" status="PASS">
          <params>
            <param index="0">
              <value>
                <![CDATA[org.testng.TestRunner@21f9277b]]>
              </value>
            </param>
          </params>
          <reporter-output>
          </reporter-output>
        </test-method> <!-- setUpClass -->
        <test-method signature="runScenario(io.cucumber.testng.PickleWrapper,io.cucumber.testng.FeatureWrapper)[pri:0, instance:testng.TestRunner@3daa422a]" started-at="2021-12-23T15:31:08 IST" name="runScenario" description="Runs Cucumber Scenarios" data-provider="scenarios" finished-at="2021-12-23T15:31:11 IST" duration-ms="2430" status="PASS">
          <params>
            <param index="0">
              <value>
                <![CDATA["User opens Home Page"]]>
              </value>
            </param>
            <param index="1">
              <value>
                <![CDATA["Optional[FlyAway Ticket Booking]"]]>
              </value>
            </param>
          </params>
          <reporter-output>
          </reporter-output>
        </test-method> <!-- runScenario -->
        <test-method signature="runScenario(io.cucumber.testng.PickleWrapper,io.cucumber.testng.FeatureWrapper)[pri:0, instance:testng.TestRunner@3daa422a]" started-at="2021-12-23T15:31:11 IST" name="runScenario" description="Runs Cucumber Scenarios" data-provider="scenarios" finished-at="2021-12-23T15:31:12 IST" duration-ms="657" status="PASS">
          <params>
            <param index="0">
              <value>
                <![CDATA["User Registration"]]>
              </value>
            </param>
            <param index="1">
              <value>
                <![CDATA["Optional[FlyAway Ticket Booking]"]]>
              </value>
            </param>
          </params>
          <reporter-output>
          </reporter-output>
        </test-method> <!-- runScenario -->
        <test-method signature="runScenario(io.cucumber.testng.PickleWrapper,io.cucumber.testng.FeatureWrapper)[pri:0, instance:testng.TestRunner@3daa422a]" started-at="2021-12-23T15:31:12 IST" name="runScenario" description="Runs Cucumber Scenarios" data-provider="scenarios" finished-at="2021-12-23T15:31:12 IST" duration-ms="228" status="PASS">
          <params>
            <param index="0">
              <value>
                <![CDATA["Login Page"]]>
              </value>
            </param>
            <param index="1">
              <value>
                <![CDATA["Optional[FlyAway Ticket Booking]"]]>
              </value>
            </param>
          </params>
          <reporter-output>
          </reporter-output>
        </test-method> <!-- runScenario -->
        <test-method signature="runScenario(io.cucumber.testng.PickleWrapper,io.cucumber.testng.FeatureWrapper)[pri:0, instance:testng.TestRunner@3daa422a]" started-at="2021-12-23T15:31:12 IST" name="runScenario" description="Runs Cucumber Scenarios" data-provider="scenarios" finished-at="2021-12-23T15:31:12 IST" duration-ms="360" status="PASS">
          <params>
            <param index="0">
              <value>
                <![CDATA["Flight Ticket Booking"]]>
              </value>
            </param>
            <param index="1">
              <value>
                <![CDATA["Optional[FlyAway Ticket Booking]"]]>
              </value>
            </param>
          </params>
          <reporter-output>
          </reporter-output>
        </test-method> <!-- runScenario -->
        <test-method signature="runScenario(io.cucumber.testng.PickleWrapper,io.cucumber.testng.FeatureWrapper)[pri:0, instance:testng.TestRunner@3daa422a]" started-at="2021-12-23T15:31:12 IST" name="runScenario" description="Runs Cucumber Scenarios" data-provider="scenarios" finished-at="2021-12-23T15:31:12 IST" duration-ms="264" status="PASS">
          <params>
            <param index="0">
              <value>
                <![CDATA["View Booking Status"]]>
              </value>
            </param>
            <param index="1">
              <value>
                <![CDATA["Optional[FlyAway Ticket Booking]"]]>
              </value>
            </param>
          </params>
          <reporter-output>
          </reporter-output>
        </test-method> <!-- runScenario -->
        <test-method is-config="true" signature="tearDownClass()[pri:0, instance:testng.TestRunner@3daa422a]" started-at="2021-12-23T15:31:12 IST" name="tearDownClass" finished-at="2021-12-23T15:31:12 IST" duration-ms="11" status="PASS">
          <reporter-output>
          </reporter-output>
        </test-method> <!-- tearDownClass -->
      </class> <!-- testng.TestRunner -->
    </test> <!-- Default test -->
  </suite> <!-- Default suite -->
</testng-results>
